Traceback (most recent call last):
  File "/home/runner/work/qmlcourse/qmlcourse/.venv/lib/python3.8/site-packages/jupyter_cache/executors/utils.py", line 51, in single_nb_execution
    executenb(
  File "/home/runner/work/qmlcourse/qmlcourse/.venv/lib/python3.8/site-packages/nbclient/client.py", line 1112, in execute
    return NotebookClient(nb=nb, resources=resources, km=km, **kwargs).execute()
  File "/home/runner/work/qmlcourse/qmlcourse/.venv/lib/python3.8/site-packages/nbclient/util.py", line 74, in wrapped
    return just_run(coro(*args, **kwargs))
  File "/home/runner/work/qmlcourse/qmlcourse/.venv/lib/python3.8/site-packages/nbclient/util.py", line 53, in just_run
    return loop.run_until_complete(coro)
  File "/opt/hostedtoolcache/Python/3.8.11/x64/lib/python3.8/asyncio/base_events.py", line 616, in run_until_complete
    return future.result()
  File "/home/runner/work/qmlcourse/qmlcourse/.venv/lib/python3.8/site-packages/nbclient/client.py", line 553, in async_execute
    await self.async_execute_cell(
  File "/home/runner/work/qmlcourse/qmlcourse/.venv/lib/python3.8/site-packages/nbclient/client.py", line 857, in async_execute_cell
    self._check_raise_for_error(cell, exec_reply)
  File "/home/runner/work/qmlcourse/qmlcourse/.venv/lib/python3.8/site-packages/nbclient/client.py", line 760, in _check_raise_for_error
    raise CellExecutionError.from_cell_and_msg(cell, exec_reply_content)
nbclient.exceptions.CellExecutionError: An error occurred while executing the following cell:
------------------
# определим классы
class List:
    def __init__(self, initial_content = None):
        # указывать в виде значения по умолчанию mutable-объекты неправильно
        if initial_content is None:
            initial_content = []
        self.content = initial_content

    def append(self, new_element):
        # изменение производится inplace, с заменой собственного контента
        self.content = self.content + [new_element]

class Int:
    def __init__(self, value):
        self.value = value

    def add(self, second_value):
        # изменение не производится, создается новый объект и он же возвращается
        return Int(self.value + second_value.value)

# воспроизведем примеры кода выше для List
example_list = List(["что-то", "с"])
print(f"{example_list.content = }")

example_list.append("чем-то")
print(f"{example_list.content = }")
print(f"{type(example_list) = }")

# и для Int
a = Int(3)
b = Int(4)

a.add(b.value)
print(f"После простого сложения: {a.value = }, {b.value = }")

c = a.add(b)
print(f"После записи в переменную результата: {c.value = }")
------------------

[0;31m---------------------------------------------------------------------------[0m
[0;31mAttributeError[0m                            Traceback (most recent call last)
[0;32m/tmp/ipykernel_2332/1211926523.py[0m in [0;36m<module>[0;34m[0m
[1;32m     31[0m [0mb[0m [0;34m=[0m [0mInt[0m[0;34m([0m[0;36m4[0m[0;34m)[0m[0;34m[0m[0;34m[0m[0m
[1;32m     32[0m [0;34m[0m[0m
[0;32m---> 33[0;31m [0ma[0m[0;34m.[0m[0madd[0m[0;34m([0m[0mb[0m[0;34m.[0m[0mvalue[0m[0;34m)[0m[0;34m[0m[0;34m[0m[0m
[0m[1;32m     34[0m [0mprint[0m[0;34m([0m[0;34mf"После простого сложения: {a.value = }, {b.value = }"[0m[0;34m)[0m[0;34m[0m[0;34m[0m[0m
[1;32m     35[0m [0;34m[0m[0m

[0;32m/tmp/ipykernel_2332/1211926523.py[0m in [0;36madd[0;34m(self, second_value)[0m
[1;32m     17[0m     [0;32mdef[0m [0madd[0m[0;34m([0m[0mself[0m[0;34m,[0m [0msecond_value[0m[0;34m)[0m[0;34m:[0m[0;34m[0m[0;34m[0m[0m
[1;32m     18[0m         [0;31m# изменение не производится, создается новый объект и он же возвращается[0m[0;34m[0m[0;34m[0m[0;34m[0m[0m
[0;32m---> 19[0;31m         [0;32mreturn[0m [0mInt[0m[0;34m([0m[0mself[0m[0;34m.[0m[0mvalue[0m [0;34m+[0m [0msecond_value[0m[0;34m.[0m[0mvalue[0m[0;34m)[0m[0;34m[0m[0;34m[0m[0m
[0m[1;32m     20[0m [0;34m[0m[0m
[1;32m     21[0m [0;31m# воспроизведем примеры кода выше для List[0m[0;34m[0m[0;34m[0m[0;34m[0m[0m

[0;31mAttributeError[0m: 'int' object has no attribute 'value'
AttributeError: 'int' object has no attribute 'value'

