Traceback (most recent call last):
  File "/home/runner/work/qmlcourse/qmlcourse/.venv/lib/python3.8/site-packages/jupyter_cache/executors/utils.py", line 51, in single_nb_execution
    executenb(
  File "/home/runner/work/qmlcourse/qmlcourse/.venv/lib/python3.8/site-packages/nbclient/client.py", line 1112, in execute
    return NotebookClient(nb=nb, resources=resources, km=km, **kwargs).execute()
  File "/home/runner/work/qmlcourse/qmlcourse/.venv/lib/python3.8/site-packages/nbclient/util.py", line 74, in wrapped
    return just_run(coro(*args, **kwargs))
  File "/home/runner/work/qmlcourse/qmlcourse/.venv/lib/python3.8/site-packages/nbclient/util.py", line 53, in just_run
    return loop.run_until_complete(coro)
  File "/opt/hostedtoolcache/Python/3.8.11/x64/lib/python3.8/asyncio/base_events.py", line 616, in run_until_complete
    return future.result()
  File "/home/runner/work/qmlcourse/qmlcourse/.venv/lib/python3.8/site-packages/nbclient/client.py", line 553, in async_execute
    await self.async_execute_cell(
  File "/home/runner/work/qmlcourse/qmlcourse/.venv/lib/python3.8/site-packages/nbclient/client.py", line 857, in async_execute_cell
    self._check_raise_for_error(cell, exec_reply)
  File "/home/runner/work/qmlcourse/qmlcourse/.venv/lib/python3.8/site-packages/nbclient/client.py", line 760, in _check_raise_for_error
    raise CellExecutionError.from_cell_and_msg(cell, exec_reply_content)
nbclient.exceptions.CellExecutionError: An error occurred while executing the following cell:
------------------
# разные способы объявления списков
first_list = []
second_list = list()
third_list = list(1,2, 'stroka', 3.14)
fourth_lust = [15, 2.2, ['another_list', False]]

print(type(second_list), type(fourth_lust))
print(first_list, fourth_lust)
------------------

[0;31m---------------------------------------------------------------------------[0m
[0;31mTypeError[0m                                 Traceback (most recent call last)
[0;32m/tmp/ipykernel_2034/2953670739.py[0m in [0;36m<module>[0;34m[0m
[1;32m      2[0m [0mfirst_list[0m [0;34m=[0m [0;34m[[0m[0;34m][0m[0;34m[0m[0;34m[0m[0m
[1;32m      3[0m [0msecond_list[0m [0;34m=[0m [0mlist[0m[0;34m([0m[0;34m)[0m[0;34m[0m[0;34m[0m[0m
[0;32m----> 4[0;31m [0mthird_list[0m [0;34m=[0m [0mlist[0m[0;34m([0m[0;36m1[0m[0;34m,[0m[0;36m2[0m[0;34m,[0m [0;34m'stroka'[0m[0;34m,[0m [0;36m3.14[0m[0;34m)[0m[0;34m[0m[0;34m[0m[0m
[0m[1;32m      5[0m [0mfourth_lust[0m [0;34m=[0m [0;34m[[0m[0;36m15[0m[0;34m,[0m [0;36m2.2[0m[0;34m,[0m [0;34m[[0m[0;34m'another_list'[0m[0;34m,[0m [0;32mFalse[0m[0;34m][0m[0;34m][0m[0;34m[0m[0;34m[0m[0m
[1;32m      6[0m [0;34m[0m[0m

[0;31mTypeError[0m: list expected at most 1 argument, got 4
TypeError: list expected at most 1 argument, got 4

